{
  "stats": {
    "suites": 1,
    "tests": 1,
    "passes": 1,
    "pending": 0,
    "failures": 0,
    "start": "2018-11-09T18:01:06.023Z",
    "end": "2018-11-09T18:01:06.041Z",
    "duration": 18,
    "testsRegistered": 1,
    "passPercent": 100,
    "pendingPercent": 0,
    "other": 0,
    "hasOther": false,
    "skipped": 0,
    "hasSkipped": false,
    "passPercentClass": "success",
    "pendingPercentClass": "danger"
  },
  "suites": {
    "uuid": "d0bd14f2-5f93-436f-b151-b716f56dede2",
    "title": "",
    "fullFile": "",
    "file": "",
    "beforeHooks": [],
    "afterHooks": [],
    "tests": [],
    "suites": [
      {
        "uuid": "7b60ec03-aa36-4c43-b4da-82fdb4d8503b",
        "title": "node接口",
        "fullFile": "/Users/mr.yang/Documents/GitHub/YD-Note/测试/service/router.spec.js",
        "file": "/service/router.spec.js",
        "beforeHooks": [],
        "afterHooks": [],
        "tests": [
          {
            "title": "test接口测试",
            "fullTitle": "node接口 test接口测试",
            "timedOut": false,
            "duration": 1,
            "state": "passed",
            "speed": "fast",
            "pass": true,
            "fail": false,
            "pending": false,
            "code": "axios.get('http://localhost:3000/test')\n    .then(function (response) {\n        console.log(response);\n        if(response.data==\"hello world\"){\n            done(); //是mocha来的\n        }else{\n            done(new Error(\"数据请求格式错误\"))\n        }\n    })\n    .catch(function (error) {\n        done(error);\n    });",
            "err": {},
            "isRoot": false,
            "uuid": "340ed0ec-89c8-4e8e-a07a-19b1d23df419",
            "isHook": false,
            "skipped": false
          }
        ],
        "suites": [],
        "passes": [
          "340ed0ec-89c8-4e8e-a07a-19b1d23df419"
        ],
        "failures": [],
        "pending": [],
        "skipped": [],
        "duration": 1,
        "root": false,
        "rootEmpty": false,
        "_timeout": 2000
      }
    ],
    "passes": [],
    "failures": [],
    "pending": [],
    "skipped": [],
    "duration": 0,
    "root": true,
    "rootEmpty": true,
    "_timeout": 2000
  },
  "copyrightYear": 2018
}